<?xml version="1.0" encoding="UTF-8"?>
<!-- Generated by org.testng.reporters.JUnitXMLReporter -->
<testsuite ignored="0" hostname="DESKTOP-Saheli09" failures="0" tests="5" name="Default test" time="34.236" errors="0" timestamp="2020-11-05T13:13:33 IST">
  <testcase classname="com.tests.TestNG" name="getDriver" time="5.901"/>
  <testcase classname="com.tests.TestNG" name="getGoogleSignIn" time="13.044"/>
  <testcase classname="com.tests.TestNG" name="getPopularUsedCars" time="4.524"/>
  <testcase classname="com.tests.TestNG" name="getUpcomingBikes" time="5.244"/>
  <testcase classname="com.tests.TestNG" name="closeApplication" time="5.441"/>
</testsuite> <!-- Default test -->
