<?xml version="1.0" encoding="UTF-8"?>
<!-- Generated by org.testng.reporters.JUnitXMLReporter -->
<testsuite ignored="0" hostname="DESKTOP-Saheli09" failures="0" tests="5" name="Default test" time="47.29" errors="0" timestamp="2020-11-07T00:12:29 IST">
  <testcase classname="com.tests.TestNG" name="getDriver" time="5.945"/>
  <testcase classname="com.tests.TestNG" name="getGoogleSignIn" time="19.855"/>
  <testcase classname="com.tests.TestNG" name="getPopularUsedCars" time="8.105"/>
  <testcase classname="com.tests.TestNG" name="getUpcomingBikes" time="7.733"/>
  <testcase classname="com.tests.TestNG" name="closeApplication" time="5.539"/>
</testsuite> <!-- Default test -->
