<?xml version="1.0" encoding="UTF-8"?>
<!-- Generated by org.testng.reporters.JUnitXMLReporter -->
<testsuite ignored="0" hostname="DESKTOP-Saheli09" failures="0" tests="5" name="Test" time="70.67" errors="0" timestamp="2020-11-06T13:16:20 IST">
  <testcase classname="com.tests.TestNG" name="getDriver" time="7.359"/>
  <testcase classname="com.tests.TestNG" name="getGoogleSignIn" time="30.3"/>
  <testcase classname="com.tests.TestNG" name="getPopularUsedCars" time="12.713"/>
  <testcase classname="com.tests.TestNG" name="getUpcomingBikes" time="17.77"/>
  <testcase classname="com.tests.TestNG" name="closeApplication" time="2.409"/>
</testsuite> <!-- Test -->
