<?xml version="1.0" encoding="UTF-8"?>
<testsuite xmlns:xsi="http://www.w3.org/2001/XMLSchema-instance" xsi:noNamespaceSchemaLocation="https://maven.apache.org/surefire/maven-surefire-plugin/xsd/surefire-test-report.xsd" name="com.tests.TestNG" time="41.369" tests="5" errors="0" skipped="0" failures="0">
  <properties>
[...]
</properties>
  <testcase name="getDriver" classname="com.tests.TestNG" time="5.332"/>
  <testcase name="getGoogleSignIn" classname="com.tests.TestNG" time="17.047"/>
  <testcase name="getPopularUsedCars" classname="com.tests.TestNG" time="4.301"/>
  <testcase name="getUpcomingBikes" classname="com.tests.TestNG" time="8.283"/>
  <testcase name="closeApplication" classname="com.tests.TestNG" time="5.64"/>
</testsuite>