<?xml version="1.0" encoding="UTF-8"?>
<!-- Generated by org.testng.reporters.JUnitXMLReporter -->
<testsuite ignored="0" hostname="GamingLaptop" failures="0" tests="5" name="Surefire test" time="26.393" errors="0" timestamp="2020-11-05T15:49:01 IST">
  <testcase classname="com.tests.TestNG" name="getDriver" time="4.049"/>
  <testcase classname="com.tests.TestNG" name="getGoogleSignIn" time="12.154"/>
  <testcase classname="com.tests.TestNG" name="getPopularUsedCars" time="2.329"/>
  <testcase classname="com.tests.TestNG" name="getUpcomingBikes" time="2.939"/>
  <testcase classname="com.tests.TestNG" name="closeApplication" time="4.89"/>
</testsuite> <!-- Surefire test -->
