<?xml version="1.0" encoding="UTF-8"?>
<!-- Generated by org.testng.reporters.JUnitXMLReporter -->
<testsuite ignored="0" hostname="DESKTOP-Saheli09" failures="0" tests="5" name="Surefire test" time="40.646" errors="0" timestamp="2020-11-06T19:56:14 IST">
  <testcase classname="com.tests.TestNG" name="getDriver" time="5.33"/>
  <testcase classname="com.tests.TestNG" name="getGoogleSignIn" time="17.04"/>
  <testcase classname="com.tests.TestNG" name="getPopularUsedCars" time="4.304"/>
  <testcase classname="com.tests.TestNG" name="getUpcomingBikes" time="8.283"/>
  <testcase classname="com.tests.TestNG" name="closeApplication" time="5.639"/>
</testsuite> <!-- Surefire test -->
